### ISSUE TITLE
global_value on declare_data_in_func returning value of the data object instead of the address

### ISSUE THREAD

**Issue by bjorn3** [CraneStation/cranelift#610]
```rust
function u0:0(i64, i64) -> i64 fast {
    gv0 = symbol u1:0

ebb0(v0: i64, v1: i64):
    nop 
; ssa {_2: (empty), _7: (empty), _1: (empty), _4: (empty), _3: (empty), _5: (empty), _0: NOT_SSA, _6: (empty)}
; pass _1: usize ByVal(types::I64)
; pass _2: usize ByVal(types::I64)
    jump ebb1

ebb1:
    nop 
; _7 = &mut (MY_TINY_HEAP: [u8; 16])
    v2 = global_value.i64 gv0
; _6 = _7
; _5 = move _6 as *mut [u8; 16] (Misc)
; _4 = move _5
; _3 = move _4
; _0 = move _3 as *mut u8 (Misc)
; 
; return
    return v2
}
```

```
disassemble 
mini_core_hello_world`mini_core::allocate::h122bb7e874c2cf63:
    0x100001f82 <+0>:  pushq  %rbp
    0x100001f84 <+2>:  movq   %rsp, %rbp
    0x100001f87 <+5>:  movq   0x5a1(%rip), %rax         ; mini_core::MY_TINY_HEAP::hc026b27b750cb3ea
->  0x100001f8e <+12>: popq   %rbp
    0x100001f90 <+14>: retq   
(lldb) register read
General Purpose Registers:
       rax = 0xffffffffffffffff
       rbx = 0x0000000000000000
       rcx = 0x0000000000000008
       rdx = 0x0000000000000000
       rdi = 0x0000000000000010
       rsi = 0x0000000000000008
       rbp = 0x00007ffeefbff4c0
       rsp = 0x00007ffeefbff4c0
        r8 = 0x00000000000130a8
        r9 = 0x0000000000000000
       r10 = 0x00007fff9c151f78  __sFX + 248
       r11 = 0x00007fff9c151f70  __sFX + 240
       r12 = 0x0000000000000000
       r13 = 0x0000000000000000
       r14 = 0x0000000000000000
       r15 = 0x0000000000000000
       rip = 0x0000000100001f8e  mini_core_hello_world`mini_core::allocate::h122bb7e874c2cf63 + 12
    rflags = 0x0000000000000202
        cs = 0x000000000000002b
        fs = 0x0000000000000000
        gs = 0x0000000000000000
```

**Comment by bjorn3** [comment]
```
test compile
set is_pic
target x86_64-apple-darwin

function u0:0() -> i64 system_v {
    gv0 = symbol u1:0

ebb0:
    v2 = global_value.i64 gv0
    return v2
}
```

```
$ cargo run -- compile -p allocate.clif
    Finished dev [unoptimized + debuginfo] target(s) in 0.15s
     Running `target/debug/clif-util compile -p allocate.clif`
trap: stk_ovf at 0
reloc_external: GOTPCRel4 u1:0 -4 at 8
function u0:0(i64 fp [%rbp]) -> i64 [%rax], i64 fp [%rbp] system_v {
    ss0 = incoming_arg 16, offset -16
    gv0 = symbol u1:0

                                ebb0(v3: i64 [%rbp]):
[RexOp1pushq#50]                    x86_push v3
[RexOp1copysp#8089]                 copy_special %rsp -> %rbp
[RexOp1got_gvaddr8#808b,%rax]       v2 = symbol_value.i64 gv0
[RexOp1popq#58,%rbp]                v4 = x86_pop.i64 
[Op1ret#c3]                         return v2, v4
}

.byte 64, 85, 72, 137, 229, 72, 139, 5, 0, 0, 0, 0, 64, 93, 195

Disassembly of 15 bytes:
   0:	40 55                	push	rbp
   2:	48 89 e5             	mov	rbp, rsp
   5:	48 8b 05 00 00 00 00 	mov	rax, qword ptr [rip]
   c:	40 5d                	pop	rbp
   e:	c3                   	ret
```

Removing `is_pic`:

```
test compile
target x86_64-apple-darwin

function u0:0() -> i64 system_v {
    gv0 = symbol u1:0

ebb0:
    v2 = global_value.i64 gv0
    return v2
}
```

```
$ cargo run -- compile -p allocate.clif
    Finished dev [unoptimized + debuginfo] target(s) in 0.15s
     Running `target/debug/clif-util compile -p allocate.clif`
trap: stk_ovf at 0
reloc_external: Abs8 u1:0 0 at 7
function u0:0(i64 fp [%rbp]) -> i64 [%rax], i64 fp [%rbp] system_v {
    ss0 = incoming_arg 16, offset -16
    gv0 = symbol u1:0

                                ebb0(v3: i64 [%rbp]):
[RexOp1pushq#50]                    x86_push v3
[RexOp1copysp#8089]                 copy_special %rsp -> %rbp
[RexOp1gvaddr8#80b8,%rax]           v2 = symbol_value.i64 gv0
[RexOp1popq#58,%rbp]                v4 = x86_pop.i64 
[Op1ret#c3]                         return v2, v4
}

.byte 64, 85, 72, 137, 229, 72, 184, 0, 0, 0, 0, 0, 0, 0, 0, 64, 93, 195

Disassembly of 18 bytes:
   0:	40 55                	push	rbp
   2:	48 89 e5             	mov	rbp, rsp
   5:	48 b8 00 00 00 00 00 00 00 00 	movabs	rax, 0
   f:	40 5d                	pop	rbp
  11:	c3                   	ret
```

Notice how it changes from `mov	rax, qword ptr [rip]` to `movabs	rax, 0`.

The PIC version of `symbol_value` dereferences the global, while the non-PIC version just sets the address of the global.

**Comment by bjorn3** [comment]
```
objdump -r target/out/mini_core.dummy_name.rcgu.o

target/out/mini_core.dummy_name.rcgu.o:	file format Mach-O 64-bit x86-64

RELOCATION RECORDS FOR [__text]:
0000000000000250 X86_64_RELOC_SIGNED __ZN9mini_core12MY_TINY_HEAP17hc026b27b750cb3eaE
```

This is for:

```rust
test compile
set is_pic
target x86_64-apple-darwin

function u0:0(i64, i64) -> i64 system_v {
    gv0 = symbol u1:0

ebb0(v0: i64, v1: i64):
    jump ebb1

ebb1:
    nop 
    v2 = global_value.i64 gv0
    return v2
}
```

```bash
$ cargo run -- compile -p allocate.clif
    Finished dev [unoptimized + debuginfo] target(s) in 1.03s
     Running `target/debug/clif-util compile -p allocate.clif`
trap: stk_ovf at 0
reloc_external: GOTPCRel4 u1:0 -4 at 8
function u0:0(i64 [%rdi], i64 [%rsi], i64 fp [%rbp]) -> i64 [%rax], i64 fp [%rbp] system_v {
    ss0 = incoming_arg 16, offset -16
    gv0 = symbol u1:0

                                ebb0(v0: i64 [%rdi], v1: i64 [%rsi], v3: i64 [%rbp]):
[RexOp1pushq#50]                    x86_push v3
[RexOp1copysp#8089]                 copy_special %rsp -> %rbp
[-]                                 fallthrough ebb1

                                ebb1:
[RexOp1got_gvaddr8#808b,%rax]       v2 = symbol_value.i64 gv0
[RexOp1popq#58,%rbp]                v4 = x86_pop.i64 
[Op1ret#c3]                         return v2, v4
}

.byte 64, 85, 72, 137, 229, 72, 139, 5, 0, 0, 0, 0, 64, 93, 195

Disassembly of 15 bytes:
   0:	40 55                	push	rbp
   2:	48 89 e5             	mov	rbp, rsp
   5:	48 8b 05 00 00 00 00 	mov	rax, qword ptr [rip]
   c:	40 5d                	pop	rbp
   e:	c3                   	ret
```

mach-O object got `X86_64_RELOC_SIGNED`, but cranelift said `GOTPCRel4`.

**Comment by philipc** [comment]
Note that faerie doesn't support `link_with` for mach-O yet. So whatever relocations cranelift chooses will have to match faerie's auto logic. Or a better action is to fix faerie.

**Comment by bjorn3** [comment]
> Note that faerie doesn't support link_with for mach-O yet.

That explains a lot.

> Or a better action is to fix faerie.

I will try.

**Comment by m4b** [comment]
I’m curious why existing version won’t/doesn’t work. We have gotpcrel ish data relocations for Mach-o. Does the existing auto logic not capture the input sufficiently ? Just wondering what happened here so it can be improved or modified, but will merge the raw PR though.

**Comment by philipc** [comment]
The problem with the auto logic may be when events occur in this order (I haven't tested this theory):

- `declare_data` is called with `Linkage::Import`
- `declare_data_in_function` is called, and based on the linkage it sets `colocated = false`
- codegen for the function occurs, and references to the data use `GOTPCRel4` because the data is not colocated
- `declare_data` is called with `Linkage::Local` or `Linkage::Export`
- now when faerie writes the artifact it sees the data is not an import, and so uses `X86_64_RELOC_SIGNED` instead of `X86_64_RELOC_GOT_LOAD`
