### ISSUE TITLE
Shrink removes rex prefix from instruction that requires it

### ISSUE THREAD

**Issue by bjorn3** [CraneStation/cranelift#664]
Mismatch between capstone disassembly and gdb disassembly: `movzbl %dh,%esi` vs `movzx   esi, sil`. I think gdb is right. Otherwise the `0x1a` for `rsi` comes out of thin air.

```
(rr) disassemble    
Dump of assembler code for function _ZN47_$LT$core..result..Result$LT$T$C$$u20$E$GT$$GT$6expect17h31f6e0933564f44cE:
[...]
   0x0000559fb6e48a4d <+45>:    lea    0x0(%rsp),%rdx
   0x0000559fb6e48a55 <+53>:    lea    0x0(%rsp),%rbx
   0x0000559fb6e48a5d <+61>:    movzbl (%rax),%esi
   0x0000559fb6e48a60 <+64>:    movzbl %dh,%esi
=> 0x0000559fb6e48a63 <+67>:    cmp    $0x0,%rsi
   0x0000559fb6e48a67 <+71>:    jae    0x559fb6e48a6b <_ZN47_$LT$core..result..Result$LT$T$C$$u20$E$GT$$GT$6expect17h31f6e0933564f44cE+75>
[...]
---Type <return> to continue, or q <return> to quit---q
Quit
(rr) register read
Undefined command: "register".  Try "help".
(rr) info registers 
rax            0x7ffd812e1a97   140726770735767
rbx            0x7ffd812e1a70   140726770735728
rcx            0x7ffd812e1a80   140726770735744
rdx            0x7ffd812e1a70   140726770735728
rsi            0x1a     26
rdi            0x0      0
rbp            0x7ffd812e1aa0   0x7ffd812e1aa0
rsp            0x7ffd812e1a70   0x7ffd812e1a70
[...]
(rr) reverse-stepi
824                 Ok(t) => t,
(rr) disassemble    
Dump of assembler code for function _ZN47_$LT$core..result..Result$LT$T$C$$u20$E$GT$$GT$6expect17h31f6e0933564f44cE:
[...]
   0x0000559fb6e48a4d <+45>:    lea    0x0(%rsp),%rdx
   0x0000559fb6e48a55 <+53>:    lea    0x0(%rsp),%rbx
   0x0000559fb6e48a5d <+61>:    movzbl (%rax),%esi
=> 0x0000559fb6e48a60 <+64>:    movzbl %dh,%esi
   0x0000559fb6e48a63 <+67>:    cmp    $0x0,%rsi
   0x0000559fb6e48a67 <+71>:    jae    0x559fb6e48a6b <_ZN47_$LT$core..result..Result$LT$T$C$$u20$E$GT$$GT$6expect17h31f6e0933564f44cE+75>
[...]
---Type <return> to continue, or q <return> to quit---q
Quit
(rr) info registers 
rax            0x7ffd812e1a97   140726770735767
rbx            0x7ffd812e1a70   140726770735728
rcx            0x7ffd812e1a80   140726770735744
rdx            0x7ffd812e1a70   140726770735728
rsi            0x0      0
rdi            0x0      0
rbp            0x7ffd812e1aa0   0x7ffd812e1aa0
rsp            0x7ffd812e1a70   0x7ffd812e1a70
[...]
```

```
cargo run compile -p ../rustc_codegen_cranelift/target/out/clif/*h31f6e0933564f44c*
    Finished dev [unoptimized + debuginfo] target(s) in 0.11s
     Running `target/debug/clif-util compile -p '../rustc_codegen_cranelift/target/out/clif/std___ZN47_$LT$core..result..Result$LT$T$C$$u20$E$GT$$GT$6expect17h31f6e0933564f44cE.clif'`
[...]
[RexOp1spaddr8_id#808d,%rdx]        v9 = stack_addr.i64 ss4
[RexOp1spaddr8_id#808d,%rbx]        v10 = stack_addr.i64 ss5
[-]                                 fallthrough ebb1

                                ebb1:
@0000 [RexOp2ld#4b6,%rsi]           v23 = uload8.i32 v3
@0000 [null#00,%rsi]                v11 = ireduce.i8 v23
@0000 [RexOp2urm_noflags#4b6,%rsi]  v12 = uextend.i64 v11
[RexOp1rcmp_ib#f083,%rflags]        v29 = ifcmp_imm v12, 0
@0000 [RexOp1brib#70]               brif uge v29, ebb7
[...]
Disassembly of 169 bytes:
[...]
  30:   48 8d 94 24 00 00 00 00         lea     rdx, qword ptr [rsp]
  38:   48 8d 9c 24 00 00 00 00         lea     rbx, qword ptr [rsp]
  40:   40 0f b6 30             movzx   esi, byte ptr [rax]
  44:   40 0f b6 f6             movzx   esi, sil
  48:   48 83 fe 00             cmp     rsi, 0
  4c:   40 73 03                jae     0x52
[...]
```

<details>

```
(rr) disassemble    
Dump of assembler code for function _ZN47_$LT$core..result..Result$LT$T$C$$u20$E$GT$$GT$6expect17h31f6e0933564f44cE:
   0x0000559fb6e48a20 <+0>:     push   %rbp
   0x0000559fb6e48a21 <+1>:     mov    %rsp,%rbp
   0x0000559fb6e48a24 <+4>:     push   %rbx
   0x0000559fb6e48a25 <+5>:     sub    $0x28,%rsp
   0x0000559fb6e48a29 <+9>:     lea    0x27(%rsp),%rax
   0x0000559fb6e48a31 <+17>:    movzbl %dil,%ecx
   0x0000559fb6e48a35 <+21>:    mov    %cl,(%rax)
   0x0000559fb6e48a37 <+23>:    lea    0x10(%rsp),%rcx
   0x0000559fb6e48a3f <+31>:    mov    (%rsi),%rdx
   0x0000559fb6e48a42 <+34>:    mov    %rdx,(%rcx)
   0x0000559fb6e48a45 <+37>:    mov    0x8(%rsi),%rdx
   0x0000559fb6e48a49 <+41>:    mov    %rdx,0x8(%rcx)
   0x0000559fb6e48a4d <+45>:    lea    0x0(%rsp),%rdx
   0x0000559fb6e48a55 <+53>:    lea    0x0(%rsp),%rbx
   0x0000559fb6e48a5d <+61>:    movzbl (%rax),%esi
   0x0000559fb6e48a60 <+64>:    movzbl %dh,%esi
=> 0x0000559fb6e48a63 <+67>:    cmp    $0x0,%rsi
   0x0000559fb6e48a67 <+71>:    jae    0x559fb6e48a6b <_ZN47_$LT$core..result..Result$LT$T$C$$u20$E$GT$$GT$6expect17h31f6e0933564f44cE+75>
   0x0000559fb6e48a69 <+73>:    jmp    0x559fb6e48a85 <_ZN47_$LT$core..result..Result$LT$T$C$$u20$E$GT$$GT$6expect17h31f6e0933564f44cE+101>
   0x0000559fb6e48a6b <+75>:    add    $0x0,%rsi
   0x0000559fb6e48a6f <+79>:    cmp    $0x2,%rsi
   0x0000559fb6e48a73 <+83>:    jae    0x559fb6e48a85 <_ZN47_$LT$core..result..Result$LT$T$C$$u20$E$GT$$GT$6expect17h31f6e0933564f44cE+101>
   0x0000559fb6e48a75 <+85>:    lea    0x3d(%rip),%rdi        # 0x559fb6e48ab9 <_ZN47_$LT$core..result..Result$LT$T$C$$u20$E$GT$$GT$6expect17h31f6e0933564f44cE+153>
   0x0000559fb6e48a7c <+92>:    movslq (%rdi,%rsi,4),%rsi
   0x0000559fb6e48a80 <+96>:    add    %rsi,%rdi
   0x0000559fb6e48a83 <+99>:    jmpq   *%rdi
   0x0000559fb6e48a85 <+101>:   ud2    
   0x0000559fb6e48a87 <+103>:   movzbl (%rax),%eax
   0x0000559fb6e48a8a <+106>:   movzbl %al,%eax
   0x0000559fb6e48a8d <+109>:   cmp    $0x0,%rax
   0x0000559fb6e48a91 <+113>:   je     0x559fb6e48ab0 <_ZN47_$LT$core..result..Result$LT$T$C$$u20$E$GT$$GT$6expect17h31f6e0933564f44cE+144>
   0x0000559fb6e48a93 <+115>:   jmp    0x559fb6e48ab7 <_ZN47_$LT$core..result..Result$LT$T$C$$u20$E$GT$$GT$6expect17h31f6e0933564f44cE+151>
   0x0000559fb6e48a95 <+117>:   mov    (%rcx),%rax
   0x0000559fb6e48a98 <+120>:   mov    %rax,(%rdx)
   0x0000559fb6e48a9b <+123>:   mov    0x8(%rcx),%rax
   0x0000559fb6e48a9f <+127>:   mov    %rax,0x8(%rdx)
   0x0000559fb6e48aa3 <+131>:   mov    %rdx,%rdi
   0x0000559fb6e48aa6 <+134>:   mov    %rbx,%rsi
   0x0000559fb6e48aa9 <+137>:   callq  0x559fb6e4fcc0 <_ZN4core6result13unwrap_failed17h39053afd7a9d6f6eE>
   0x0000559fb6e48aae <+142>:   ud2    
   0x0000559fb6e48ab0 <+144>:   add    $0x28,%rsp
   0x0000559fb6e48ab4 <+148>:   pop    %rbx
   0x0000559fb6e48ab5 <+149>:   pop    %rbp
   0x0000559fb6e48ab6 <+150>:   retq   
   0x0000559fb6e48ab7 <+151>:   jmp    0x559fb6e48ab0 <_ZN47_$LT$core..result..Result$LT$T$C$$u20$E$GT$$GT$6expect17h31f6e0933564f44cE+144>
---Type <return> to continue, or q <return> to quit---q
Quit
(rr) register read
Undefined command: "register".  Try "help".
(rr) info registers 
rax            0x7ffd812e1a97   140726770735767
rbx            0x7ffd812e1a70   140726770735728
rcx            0x7ffd812e1a80   140726770735744
rdx            0x7ffd812e1a70   140726770735728
rsi            0x1a     26
rdi            0x0      0
rbp            0x7ffd812e1aa0   0x7ffd812e1aa0
rsp            0x7ffd812e1a70   0x7ffd812e1a70
r8             0x559fb6e43e9a   94144456572570
r9             0x0      0
r10            0x0      0
r11            0xffffffffffffffa5       -91
r12            0x559fb6e36140   94144456515904
r13            0x7ffd812e1e10   140726770736656
r14            0x0      0
r15            0x0      0
rip            0x559fb6e48a63   0x559fb6e48a63 <_$LT$core..result..Result$LT$T$C$$u20$E$GT$$GT$::expect::h31f6e0933564f44c+67>
eflags         0x202    [ IF ]
cs             0x33     51
ss             0x2b     43
ds             0x0      0
es             0x0      0
fs             0x0      0
gs             0x0      0
fs_base        0x7f90e55acd80   0x7f90e55acd80
gs_base        0x0      0x0
(rr) reverse-stepi
824                 Ok(t) => t,
(rr) disassemble    
Dump of assembler code for function _ZN47_$LT$core..result..Result$LT$T$C$$u20$E$GT$$GT$6expect17h31f6e0933564f44cE:
   0x0000559fb6e48a20 <+0>:     push   %rbp
   0x0000559fb6e48a21 <+1>:     mov    %rsp,%rbp
   0x0000559fb6e48a24 <+4>:     push   %rbx
   0x0000559fb6e48a25 <+5>:     sub    $0x28,%rsp
   0x0000559fb6e48a29 <+9>:     lea    0x27(%rsp),%rax
   0x0000559fb6e48a31 <+17>:    movzbl %dil,%ecx
   0x0000559fb6e48a35 <+21>:    mov    %cl,(%rax)
   0x0000559fb6e48a37 <+23>:    lea    0x10(%rsp),%rcx
   0x0000559fb6e48a3f <+31>:    mov    (%rsi),%rdx
   0x0000559fb6e48a42 <+34>:    mov    %rdx,(%rcx)
   0x0000559fb6e48a45 <+37>:    mov    0x8(%rsi),%rdx
   0x0000559fb6e48a49 <+41>:    mov    %rdx,0x8(%rcx)
   0x0000559fb6e48a4d <+45>:    lea    0x0(%rsp),%rdx
   0x0000559fb6e48a55 <+53>:    lea    0x0(%rsp),%rbx
   0x0000559fb6e48a5d <+61>:    movzbl (%rax),%esi
=> 0x0000559fb6e48a60 <+64>:    movzbl %dh,%esi
   0x0000559fb6e48a63 <+67>:    cmp    $0x0,%rsi
   0x0000559fb6e48a67 <+71>:    jae    0x559fb6e48a6b <_ZN47_$LT$core..result..Result$LT$T$C$$u20$E$GT$$GT$6expect17h31f6e0933564f44cE+75>
   0x0000559fb6e48a69 <+73>:    jmp    0x559fb6e48a85 <_ZN47_$LT$core..result..Result$LT$T$C$$u20$E$GT$$GT$6expect17h31f6e0933564f44cE+101>
   0x0000559fb6e48a6b <+75>:    add    $0x0,%rsi
   0x0000559fb6e48a6f <+79>:    cmp    $0x2,%rsi
   0x0000559fb6e48a73 <+83>:    jae    0x559fb6e48a85 <_ZN47_$LT$core..result..Result$LT$T$C$$u20$E$GT$$GT$6expect17h31f6e0933564f44cE+101>
   0x0000559fb6e48a75 <+85>:    lea    0x3d(%rip),%rdi        # 0x559fb6e48ab9 <_ZN47_$LT$core..result..Result$LT$T$C$$u20$E$GT$$GT$6expect17h31f6e0933564f44cE+153>
   0x0000559fb6e48a7c <+92>:    movslq (%rdi,%rsi,4),%rsi
   0x0000559fb6e48a80 <+96>:    add    %rsi,%rdi
   0x0000559fb6e48a83 <+99>:    jmpq   *%rdi
   0x0000559fb6e48a85 <+101>:   ud2    
   0x0000559fb6e48a87 <+103>:   movzbl (%rax),%eax
   0x0000559fb6e48a8a <+106>:   movzbl %al,%eax
   0x0000559fb6e48a8d <+109>:   cmp    $0x0,%rax
   0x0000559fb6e48a91 <+113>:   je     0x559fb6e48ab0 <_ZN47_$LT$core..result..Result$LT$T$C$$u20$E$GT$$GT$6expect17h31f6e0933564f44cE+144>
   0x0000559fb6e48a93 <+115>:   jmp    0x559fb6e48ab7 <_ZN47_$LT$core..result..Result$LT$T$C$$u20$E$GT$$GT$6expect17h31f6e0933564f44cE+151>
   0x0000559fb6e48a95 <+117>:   mov    (%rcx),%rax
   0x0000559fb6e48a98 <+120>:   mov    %rax,(%rdx)
   0x0000559fb6e48a9b <+123>:   mov    0x8(%rcx),%rax
   0x0000559fb6e48a9f <+127>:   mov    %rax,0x8(%rdx)
   0x0000559fb6e48aa3 <+131>:   mov    %rdx,%rdi
   0x0000559fb6e48aa6 <+134>:   mov    %rbx,%rsi
   0x0000559fb6e48aa9 <+137>:   callq  0x559fb6e4fcc0 <_ZN4core6result13unwrap_failed17h39053afd7a9d6f6eE>
   0x0000559fb6e48aae <+142>:   ud2    
   0x0000559fb6e48ab0 <+144>:   add    $0x28,%rsp
   0x0000559fb6e48ab4 <+148>:   pop    %rbx
   0x0000559fb6e48ab5 <+149>:   pop    %rbp
   0x0000559fb6e48ab6 <+150>:   retq   
   0x0000559fb6e48ab7 <+151>:   jmp    0x559fb6e48ab0 <_ZN47_$LT$core..result..Result$LT$T$C$$u20$E$GT$$GT$6expect17h31f6e0933564f44cE+144>
---Type <return> to continue, or q <return> to quit---q
Quit
(rr) info registers 
rax            0x7ffd812e1a97   140726770735767
rbx            0x7ffd812e1a70   140726770735728
rcx            0x7ffd812e1a80   140726770735744
rdx            0x7ffd812e1a70   140726770735728
rsi            0x0      0
rdi            0x0      0
rbp            0x7ffd812e1aa0   0x7ffd812e1aa0
rsp            0x7ffd812e1a70   0x7ffd812e1a70
r8             0x559fb6e43e9a   94144456572570
r9             0x0      0
r10            0x0      0
r11            0xffffffffffffffa5       -91
r12            0x559fb6e36140   94144456515904
r13            0x7ffd812e1e10   140726770736656
r14            0x0      0
r15            0x0      0
rip            0x559fb6e48a60   0x559fb6e48a60 <_$LT$core..result..Result$LT$T$C$$u20$E$GT$$GT$::expect::h31f6e0933564f44c+64>
eflags         0x202    [ IF ]
cs             0x33     51
ss             0x2b     43
ds             0x0      0
es             0x0      0
fs             0x0      0
gs             0x0      0
fs_base        0x7f90e55acd80   0x7f90e55acd80
gs_base        0x0      0x0
```

```
cargo run compile -p ../rustc_codegen_cranelift/target/out/clif/*h31f6e0933564f44c*
    Finished dev [unoptimized + debuginfo] target(s) in 0.11s
     Running `target/debug/clif-util compile -p '../rustc_codegen_cranelift/target/out/clif/std___ZN47_$LT$core..result..Result$LT$T$C$$u20$E$GT$$GT$6expect17h31f6e0933564f44cE.clif'`
trap: stk_ovf at 0
trap: stk_ovf at 5
trap: heap_oob at 23
trap: heap_oob at 34
trap: heap_oob at 37
trap: heap_oob at 40
trap: heap_oob at 44
trap: heap_oob at 64
trap: user65535 at 110
trap: heap_oob at 112
trap: heap_oob at 130
trap: heap_oob at 133
trap: heap_oob at 136
trap: heap_oob at 140
trap: stk_ovf at 150
reloc_external: CallPCRel4 u0:2502 -4 at 151
trap: user65535 at 155
function u0:0(i8 [%rdi], i64 [%rsi], i64 fp [%rbp], i64 csr [%rbx]) -> i64 fp [%rbp], i64 csr [%rbx] system_v {
    ss0 = explicit_slot 1, offset -25
    ss1 = explicit_slot 16, offset -48
    ss2 = explicit_slot 0, offset -48
    ss3 = explicit_slot 0, offset -48
    ss4 = explicit_slot 16, offset -64
    ss5 = explicit_slot 0, offset -64
    ss6 = incoming_arg 24, offset -24
    sig0 = (i64 [%rdi], i64 [%rsi]) system_v
    fn0 = colocated u0:2502 sig0
    jt0 = jump_table [ebb3, ebb4]

                                ebb0(v0: i8 [%rdi], v1: i64 [%rsi], v32: i64 [%rbp], v33: i64 [%rbx]):
[RexOp1pushq#50]                    x86_push v32
[RexOp1copysp#8089]                 copy_special %rsp -> %rbp
[RexOp1pushq#50]                    x86_push v33
[RexOp1adjustsp_ib#d083]            adjust_sp_down_imm 40
[RexOp1spaddr8_id#808d,%rax]        v3 = stack_addr.i64 ss0
[RexOp2urm_noflags#4b6,%rcx]        v22 = uextend.i32 v0
[RexOp1st#88]                       istore8 v22, v3
[RexOp1spaddr8_id#808d,%rcx]        v4 = stack_addr.i64 ss1
[RexOp1ld#808b,%rdx]                v5 = load.i64 aligned v1
[RexOp1st#8089]                     store aligned v5, v4
[RexOp1ldDisp8#808b,%rdx]           v6 = load.i64 aligned v1+8
[RexOp1stDisp8#8089]                store aligned v6, v4+8
[RexOp1spaddr8_id#808d,%rdx]        v9 = stack_addr.i64 ss4
[RexOp1spaddr8_id#808d,%rbx]        v10 = stack_addr.i64 ss5
[-]                                 fallthrough ebb1

                                ebb1:
@0000 [RexOp2ld#4b6,%rsi]           v23 = uload8.i32 v3
@0000 [null#00,%rsi]                v11 = ireduce.i8 v23
@0000 [RexOp2urm_noflags#4b6,%rsi]  v12 = uextend.i64 v11
[RexOp1rcmp_ib#f083,%rflags]        v29 = ifcmp_imm v12, 0
@0000 [RexOp1brib#70]               brif uge v29, ebb7
@0000 [RexOp1jmpb#eb]               jump ebb2

                                ebb7:
@0000 [RexOp1r_ib#8083,%rsi]        v14 = iadd_imm.i64 v12, 0
[RexOp1rcmp_ib#f083,%rflags]        v30 = ifcmp_imm v14, 2
@0000 [RexOp1brib#70]               brif uge v30, ebb2
@0000 [RexOp1jt_base#808d,%rdi]     v25 = jump_table_base.i64 jt0
@0000 [RexOp1jt_entry#8063,%rsi]    v26 = jump_table_entry.i64 v14, v25, 4, jt0
@0000 [RexOp1rr#8001,%rdi]          v27 = iadd v25, v26
@0000 [RexOp1indirect_jmp#40ff]     indirect_jump_table_br v27, jt0

                                ebb2:
@0001 [Op2trap#40b]                 trap user65535

                                ebb3:
@0005 [RexOp2ld#4b6,%rax]           v28 = uload8.i32 v3
@0005 [null#00,%rax]                v16 = ireduce.i8 v28
@0005 [RexOp2urm_noflags#4b6,%rax]  v17 = uextend.i64 v16
[RexOp1rcmp_ib#f083,%rflags]        v31 = ifcmp_imm v17, 0
@0005 [RexOp1brib#70]               brif eq v31, ebb5
@0005 [RexOp1jmpb#eb]               jump ebb6

                                ebb4:
@0007 [RexOp1ld#808b,%rax]          v20 = load.i64 aligned v4
@0007 [RexOp1st#8089]               store aligned v20, v9
@0007 [RexOp1ldDisp8#808b,%rax]     v21 = load.i64 aligned v4+8
@0007 [RexOp1stDisp8#8089]          store aligned v21, v9+8
@0009 [RexOp1rmov#8089]             regmove.i64 v9, %rdx -> %rdi
@0009 [RexOp1rmov#8089]             regmove.i64 v10, %rbx -> %rsi
@0009 [Op1call_id#e8]               call fn0(v9, v10)
@0009 [Op2trap#40b]                 trap user65535

                                ebb5:
[RexOp1adjustsp_ib#8083]            adjust_sp_up_imm 40
[RexOp1popq#58,%rbx]                v35 = x86_pop.i64 
[RexOp1popq#58,%rbp]                v34 = x86_pop.i64 
@0001 [Op1ret#c3]                   return v34, v35

                                ebb6:
@0005 [RexOp1jmpb#eb]               jump ebb5
}

.byte 64, 85, 72, 137, 229, 64, 83, 72, 131, 236, 40, 72, 141, 132, 36, 39, 0, 0, 0, 64, 15, 182, 207, 64, 136, 8, 72, 141, 140, 36, 16, 0, 0, 0, 72, 139, 22, 72, 137, 17, 72, 139, 86, 8, 72, 137, 81, 8, 72, 141, 148, 36, 0, 0, 0, 0, 72, 141, 156, 36, 0, 0, 0, 0, 64, 15, 182, 48, 64, 15, 182, 246, 72, 131, 254, 0, 64, 115, 3, 64, 235, 28, 72, 131, 198, 0, 72, 131, 254, 2, 64, 115, 17, 72, 141, 61, 69, 0, 0, 0, 72, 99, 52, 183, 72, 1, 247, 64, 255, 231, 15, 11, 64, 15, 182, 0, 64, 15, 182, 192, 72, 131, 248, 0, 64, 116, 30, 64, 235, 36, 72, 139, 1, 72, 137, 2, 72, 139, 65, 8, 72, 137, 66, 8, 72, 137, 215, 72, 137, 222, 232, 0, 0, 0, 0, 15, 11, 72, 131, 196, 40, 64, 91, 64, 93, 195, 64, 235, 244, 199, 255, 255, 255, 217, 255, 255, 255

Disassembly of 169 bytes:
   0:   40 55                   push    rbp
   2:   48 89 e5                mov     rbp, rsp
   5:   40 53                   push    rbx
   7:   48 83 ec 28             sub     rsp, 0x28
   b:   48 8d 84 24 27 00 00 00         lea     rax, qword ptr [rsp + 0x27]
  13:   40 0f b6 cf             movzx   ecx, dil
  17:   40 88 08                mov     byte ptr [rax], cl
  1a:   48 8d 8c 24 10 00 00 00         lea     rcx, qword ptr [rsp + 0x10]
  22:   48 8b 16                mov     rdx, qword ptr [rsi]
  25:   48 89 11                mov     qword ptr [rcx], rdx
  28:   48 8b 56 08             mov     rdx, qword ptr [rsi + 8]
  2c:   48 89 51 08             mov     qword ptr [rcx + 8], rdx
  30:   48 8d 94 24 00 00 00 00         lea     rdx, qword ptr [rsp]
  38:   48 8d 9c 24 00 00 00 00         lea     rbx, qword ptr [rsp]
  40:   40 0f b6 30             movzx   esi, byte ptr [rax]
  44:   40 0f b6 f6             movzx   esi, sil
  48:   48 83 fe 00             cmp     rsi, 0
  4c:   40 73 03                jae     0x52
  4f:   40 eb 1c                jmp     0x6e
  52:   48 83 c6 00             add     rsi, 0
  56:   48 83 fe 02             cmp     rsi, 2
  5a:   40 73 11                jae     0x6e
  5d:   48 8d 3d 45 00 00 00    lea     rdi, qword ptr [rip + 0x45]
  64:   48 63 34 b7             movsxd  rsi, dword ptr [rdi + rsi*4]
  68:   48 01 f7                add     rdi, rsi
  6b:   40 ff e7                jmp     rdi
  6e:   0f 0b                   ud2
  70:   40 0f b6 00             movzx   eax, byte ptr [rax]
  74:   40 0f b6 c0             movzx   eax, al
  78:   48 83 f8 00             cmp     rax, 0
  7c:   40 74 1e                je      0x9d
  7f:   40 eb 24                jmp     0xa6
  82:   48 8b 01                mov     rax, qword ptr [rcx]
  85:   48 89 02                mov     qword ptr [rdx], rax
  88:   48 8b 41 08             mov     rax, qword ptr [rcx + 8]
  8c:   48 89 42 08             mov     qword ptr [rdx + 8], rax
  90:   48 89 d7                mov     rdi, rdx
  93:   48 89 de                mov     rsi, rbx
  96:   e8 00 00 00 00          call    0x9b
  9b:   0f 0b                   ud2
  9d:   48 83 c4 28             add     rsp, 0x28
  a1:   40 5b                   pop     rbx
  a3:   40 5d                   pop     rbp
  a5:   c3                      ret
  a6:   40 eb f4                jmp     0x9d

Followed by 8 bytes of read-only data:
   0:  c7 ff ff ff  d9 ff ff ff
```

```
$ cat ../rustc_codegen_cranelift/target/out/clif/*h31f6e0933564f44c*
test compile
set is_pic
target x86_64-unknown-linux-gnu

function u0:0(i8, i64) system_v {
; symbol _ZN47_$LT$core..result..Result$LT$T$C$$u20$E$GT$$GT$6expect17h31f6e0933564f44cE
; instance Instance { def: Item(DefId(1/0:2861 ~ core[6639]::result[0]::{{impl}}[1]::expect[0])), substs: [(), thread::local::AccessError] }
; sig ([core::result::Result<(), thread::local::AccessError>, &str]; variadic: false)->()

; ssa {_1: NOT_SSA, _2: NOT_SSA, _7: NOT_SSA, _3: NOT_SSA, _0: NOT_SSA, _4: NOT_SSA, _6: NOT_SSA, _8: (empty), _5: (empty)}
; msg   loc.idx    param    pass mode            ssa flags  ty
; ret    _0      -          NoPass               NOT_SSA    ()
; arg    _1      = v0       ByVal(types::I8)     NOT_SSA    core::result::Result<(), thread::local::AccessError>
; arg    _2      = v1       ByRef                NOT_SSA    &str

    ss0 = explicit_slot 1 ; _1: core::result::Result<(), thread::local::AccessError> size=1 align=1,8
    ss1 = explicit_slot 16 ; _2: &str size=16 align=8,8
    ss2 = explicit_slot 0 ; _3: () size=0 align=1,8
    ss3 = explicit_slot 0 ; _4: thread::local::AccessError size=0 align=1,8
    ss4 = explicit_slot 16 ; _6: &str size=16 align=8,8
    ss5 = explicit_slot 0 ; _7: thread::local::AccessError size=0 align=1,8
    sig0 = (i64, i64) system_v
    fn0 = colocated u0:2502 sig0 ; Instance { def: Item(DefId(1/0:2875 ~ core[6639]::result[0]::unwrap_failed[0])), substs: [thread::local::AccessError] }
    jt0 = jump_table [ebb3, ebb4]

                                ebb0(v0: i8, v1: i64):
                                    v2 = iconst.i64 0
                                    v3 = stack_addr.i64 ss0
                                    store v0, v3
                                    v4 = stack_addr.i64 ss1
                                    v5 = load.i64 aligned v1
                                    store aligned v5, v4
                                    v6 = load.i64 aligned v1+8
                                    store aligned v6, v4+8
                                    v7 = stack_addr.i64 ss2
                                    v8 = stack_addr.i64 ss3
                                    v9 = stack_addr.i64 ss4
                                    v10 = stack_addr.i64 ss5
                                    jump ebb1

                                ebb1:
                                    nop 
; _5 = discriminant(_1)
; layout variants Tagged { tag: Scalar { value: Int(I8, false), valid_range: 0..=1 }, variants: [LayoutDetails { variants: Single { index: 0 }, fields: Arbitrary { offsets: [Size { raw: 1 }], memory_index: [0] }, abi: Aggregate { sized: true }, align: AbiAndPrefAlign { abi: Align { pow2: 0 }, pref: Align { pow2: 3 } }, size: Size { raw: 1 } }, LayoutDetails { variants: Single { index: 1 }, fields: Arbitrary { offsets: [Size { raw: 1 }], memory_index: [0] }, abi: Aggregate { sized: true }, align: AbiAndPrefAlign { abi: Align { pow2: 0 }, pref: Align { pow2: 3 } }, size: Size { raw: 1 } }] }
@0000                               v11 = load.i8 v3
@0000                               v12 = uextend.i64 v11
; 
; switchInt(move _5)
@0000                               v13 = icmp_imm uge v12, 0
@0000                               brnz v13, ebb7
@0000                               jump ebb2

                                ebb7:
@0000                               v14 = iadd_imm.i64 v12, 0
@0000                               br_table v14, ebb2, jt0

                                ebb2:
@0000                               nop 
; 
; unreachable
@0001                               trap user65535

                                ebb3:
@0001                               nop 
; _3 = move ((_1 as Ok).0: T)
@0002                               v15 = iadd_imm.i64 v3, 1
; _0 = move _3
; _8 = discriminant(_1)
; layout variants Tagged { tag: Scalar { value: Int(I8, false), valid_range: 0..=1 }, variants: [LayoutDetails { variants: Single { index: 0 }, fields: Arbitrary { offsets: [Size { raw: 1 }], memory_index: [0] }, abi: Aggregate { sized: true }, align: AbiAndPrefAlign { abi: Align { pow2: 0 }, pref: Align { pow2: 3 } }, size: Size { raw: 1 } }, LayoutDetails { variants: Single { index: 1 }, fields: Arbitrary { offsets: [Size { raw: 1 }], memory_index: [0] }, abi: Aggregate { sized: true }, align: AbiAndPrefAlign { abi: Align { pow2: 0 }, pref: Align { pow2: 3 } }, size: Size { raw: 1 } }] }
@0005                               v16 = load.i8 v3
@0005                               v17 = uextend.i64 v16
; 
; switchInt(move _8)
@0005                               v18 = icmp_imm eq v17, 0
@0005                               brnz v18, ebb5
@0005                               jump ebb6

                                ebb4:
@0005                               nop 
; _4 = move ((_1 as Err).0: E)
@0006                               v19 = iadd_imm.i64 v3, 1
; _6 = _2
@0007                               v20 = load.i64 aligned v4
@0007                               store aligned v20, v9
@0007                               v21 = load.i64 aligned v4+8
@0007                               store aligned v21, v9+8
; _7 = move _4
; 
; const core::result::unwrap_failed(move _6, move _7)
@0009                               call fn0(v9, v10)
@0009                               trap user65535

                                ebb5:
@0009                               nop 
; 
; return
@0001                               return

                                ebb6:
@0001                               nop 
; 
; drop(((_1 as Err).0: E))
@0005                               jump ebb5
}
```

</details>

**Comment by bjorn3** [comment]
When retrying with an isolated `Result::expect` the exact same clif ir is emitted, but gdb now says `movzbl %sil,%esi` and it doesn't crash or get an unexpected value for `rsi` anymore. :confused:

**Comment by bjorn3** [comment]
A repro can be found at https://github.com/bjorn3/rustc_codegen_cranelift/commit/3d11a72e0b2c89055e7d3f2e5066e04f07a17170

```
[codegen mono items] end time: 316.582216ms
./test.sh: regel 31: 14497 Ongeldige instructie    ./target/out/alloc_example
```

**Comment by sunfishcode** [comment]
If you can get gdb to reproduce this again, can you do `disassemble /r`? That should print the bytes along with the instructions, which might provide clues.

Cranelift doesn't use the `h` registers like `%dh`, so if you ever see those, something's wrong.

**Comment by bjorn3** [comment]
```
(rr) disassemble /r
Dump of assembler code for function _ZN47_$LT$core..result..Result$LT$T$C$$u20$E$GT$$GT$6expect17h31f6e0933564f44cE:
   0x0000559fb6e48a20 <+0>:     55      push   %rbp
   0x0000559fb6e48a21 <+1>:     48 89 e5        mov    %rsp,%rbp
   0x0000559fb6e48a24 <+4>:     53      push   %rbx
   0x0000559fb6e48a25 <+5>:     48 83 ec 28     sub    $0x28,%rsp
   0x0000559fb6e48a29 <+9>:     48 8d 84 24 27 00 00 00 lea    0x27(%rsp),%rax
   0x0000559fb6e48a31 <+17>:    40 0f b6 cf     movzbl %dil,%ecx
   0x0000559fb6e48a35 <+21>:    88 08   mov    %cl,(%rax)
   0x0000559fb6e48a37 <+23>:    48 8d 8c 24 10 00 00 00 lea    0x10(%rsp),%rcx
   0x0000559fb6e48a3f <+31>:    48 8b 16        mov    (%rsi),%rdx
   0x0000559fb6e48a42 <+34>:    48 89 11        mov    %rdx,(%rcx)
   0x0000559fb6e48a45 <+37>:    48 8b 56 08     mov    0x8(%rsi),%rdx
   0x0000559fb6e48a49 <+41>:    48 89 51 08     mov    %rdx,0x8(%rcx)
   0x0000559fb6e48a4d <+45>:    48 8d 94 24 00 00 00 00 lea    0x0(%rsp),%rdx
   0x0000559fb6e48a55 <+53>:    48 8d 9c 24 00 00 00 00 lea    0x0(%rsp),%rbx
   0x0000559fb6e48a5d <+61>:    0f b6 30        movzbl (%rax),%esi
   0x0000559fb6e48a60 <+64>:    0f b6 f6        movzbl %dh,%esi
   0x0000559fb6e48a63 <+67>:    48 83 fe 00     cmp    $0x0,%rsi
   0x0000559fb6e48a67 <+71>:    73 02   jae    0x559fb6e48a6b <_ZN47_$LT$core..result..Result$LT$T$C$$u20$E$GT$$GT$6expect17h31f6e0933564f44cE+75>
   0x0000559fb6e48a69 <+73>:    eb 1a   jmp    0x559fb6e48a85 <_ZN47_$LT$core..result..Result$LT$T$C$$u20$E$GT$$GT$6expect17h31f6e0933564f44cE+101>
   0x0000559fb6e48a6b <+75>:    48 83 c6 00     add    $0x0,%rsi
   0x0000559fb6e48a6f <+79>:    48 83 fe 02     cmp    $0x2,%rsi
   0x0000559fb6e48a73 <+83>:    73 10   jae    0x559fb6e48a85 <_ZN47_$LT$core..result..Result$LT$T$C$$u20$E$GT$$GT$6expect17h31f6e0933564f44cE+101>
   0x0000559fb6e48a75 <+85>:    48 8d 3d 3d 00 00 00    lea    0x3d(%rip),%rdi        # 0x559fb6e48ab9 <_ZN47_$LT$core..result..Result$LT$T$C$$u20$E$GT$$GT$6expect17h31f6e0933564f44cE+153>
   0x0000559fb6e48a7c <+92>:    48 63 34 b7     movslq (%rdi,%rsi,4),%rsi
   0x0000559fb6e48a80 <+96>:    48 01 f7        add    %rsi,%rdi
   0x0000559fb6e48a83 <+99>:    ff e7   jmpq   *%rdi
=> 0x0000559fb6e48a85 <+101>:   0f 0b   ud2    
   0x0000559fb6e48a87 <+103>:   0f b6 00        movzbl (%rax),%eax
   0x0000559fb6e48a8a <+106>:   0f b6 c0        movzbl %al,%eax
   0x0000559fb6e48a8d <+109>:   48 83 f8 00     cmp    $0x0,%rax
   0x0000559fb6e48a91 <+113>:   74 1d   je     0x559fb6e48ab0 <_ZN47_$LT$core..result..Result$LT$T$C$$u20$E$GT$$GT$6expect17h31f6e0933564f44cE+144>
   0x0000559fb6e48a93 <+115>:   eb 22   jmp    0x559fb6e48ab7 <_ZN47_$LT$core..result..Result$LT$T$C$$u20$E$GT$$GT$6expect17h31f6e0933564f44cE+151>
   0x0000559fb6e48a95 <+117>:   48 8b 01        mov    (%rcx),%rax
   0x0000559fb6e48a98 <+120>:   48 89 02        mov    %rax,(%rdx)
   0x0000559fb6e48a9b <+123>:   48 8b 41 08     mov    0x8(%rcx),%rax
   0x0000559fb6e48a9f <+127>:   48 89 42 08     mov    %rax,0x8(%rdx)
   0x0000559fb6e48aa3 <+131>:   48 89 d7        mov    %rdx,%rdi
   0x0000559fb6e48aa6 <+134>:   48 89 de        mov    %rbx,%rsi
   0x0000559fb6e48aa9 <+137>:   e8 12 72 00 00  callq  0x559fb6e4fcc0 <_ZN4core6result13unwrap_failed17h39053afd7a9d6f6eE>
   0x0000559fb6e48aae <+142>:   0f 0b   ud2    
   0x0000559fb6e48ab0 <+144>:   48 83 c4 28     add    $0x28,%rsp
   0x0000559fb6e48ab4 <+148>:   5b      pop    %rbx
   0x0000559fb6e48ab5 <+149>:   5d      pop    %rbp
   0x0000559fb6e48ab6 <+150>:   c3      retq   
   0x0000559fb6e48ab7 <+151>:   eb f7   jmp    0x559fb6e48ab0 <_ZN47_$LT$core..result..Result$LT$T$C$$u20$E$GT$$GT$6expect17h31f6e0933564f44cE+144>
---Type <return> to continue, or q <return> to quit---
   0x0000559fb6e48ab9 <+153>:   ce      (bad)  
   0x0000559fb6e48aba <+154>:   ff      (bad)  
   0x0000559fb6e48abb <+155>:   ff      (bad)  
   0x0000559fb6e48abc <+156>:   ff      (bad)  
   0x0000559fb6e48abd <+157>:   dc ff   fdivr  %st,%st(7)
   0x0000559fb6e48abf <+159>:   ff      (bad)  
   0x0000559fb6e48ac0 <+160>:   ff 66 2e        jmpq   *0x2e(%rsi)
End of assembler dump.
```

Thanks `rr`.

**Comment by bjorn3** [comment]
The `40` prefix for that instruction seems to be missing.

**Comment by bjorn3** [comment]
Adding `set opt_level=best` produces:

```
$ cargo run compile -p ../rustc_codegen_cranelift/target/out/clif/*expect*
[...]
  3d:   0f b6 30                movzx   esi, byte ptr [rax]
  40:   0f b6 f6                movzx   esi, dh
[...]
```

**Comment by bjorn3** [comment]
Removing `set opt_level=best` seems to fix the crash I had :)

**Comment by sunfishcode** [comment]
Aha, this looks like a bug in the shrink pass then, shrinking the movzbl which isn't valid here. I'll try to take a look when I'm at my computer.

**Comment by bjorn3** [comment]
Thanks for the help! That explains all those mysterious crashes I has lately with rustc_codegen_cranlift. Lets hope I don't get any more.
